Determining if the pthread_create exist failed with the following output:
Change Dir: /home/qlt/qiulingteng/app/app-example/example-app/build/CMakeFiles/CMakeTmp

Run Build Command:"/usr/bin/make" "cmTC_ef59c/fast"
/usr/bin/make -f CMakeFiles/cmTC_ef59c.dir/build.make CMakeFiles/cmTC_ef59c.dir/build
make[1]: Entering directory '/home/qlt/qiulingteng/app/app-example/example-app/build/CMakeFiles/CMakeTmp'
Building C object CMakeFiles/cmTC_ef59c.dir/CheckSymbolExists.c.o
/usr/bin/cc     -o CMakeFiles/cmTC_ef59c.dir/CheckSymbolExists.c.o   -c /home/qlt/qiulingteng/app/app-example/example-app/build/CMakeFiles/CMakeTmp/CheckSymbolExists.c
Linking C executable cmTC_ef59c
/usr/bin/cmake -E cmake_link_script CMakeFiles/cmTC_ef59c.dir/link.txt --verbose=1
/usr/bin/cc       CMakeFiles/cmTC_ef59c.dir/CheckSymbolExists.c.o  -o cmTC_ef59c -rdynamic 
CMakeFiles/cmTC_ef59c.dir/CheckSymbolExists.c.o: In function `main':
CheckSymbolExists.c:(.text+0x16): undefined reference to `pthread_create'
collect2: error: ld returned 1 exit status
CMakeFiles/cmTC_ef59c.dir/build.make:97: recipe for target 'cmTC_ef59c' failed
make[1]: *** [cmTC_ef59c] Error 1
make[1]: Leaving directory '/home/qlt/qiulingteng/app/app-example/example-app/build/CMakeFiles/CMakeTmp'
Makefile:126: recipe for target 'cmTC_ef59c/fast' failed
make: *** [cmTC_ef59c/fast] Error 2

File /home/qlt/qiulingteng/app/app-example/example-app/build/CMakeFiles/CMakeTmp/CheckSymbolExists.c:
/* */
#include <pthread.h>

int main(int argc, char** argv)
{
  (void)argv;
#ifndef pthread_create
  return ((int*)(&pthread_create))[argc];
#else
  (void)argc;
  return 0;
#endif
}

Determining if the function pthread_create exists in the pthreads failed with the following output:
Change Dir: /home/qlt/qiulingteng/app/app-example/example-app/build/CMakeFiles/CMakeTmp

Run Build Command:"/usr/bin/make" "cmTC_d794e/fast"
/usr/bin/make -f CMakeFiles/cmTC_d794e.dir/build.make CMakeFiles/cmTC_d794e.dir/build
make[1]: Entering directory '/home/qlt/qiulingteng/app/app-example/example-app/build/CMakeFiles/CMakeTmp'
Building C object CMakeFiles/cmTC_d794e.dir/CheckFunctionExists.c.o
/usr/bin/cc    -DCHECK_FUNCTION_EXISTS=pthread_create   -o CMakeFiles/cmTC_d794e.dir/CheckFunctionExists.c.o   -c /usr/share/cmake-3.5/Modules/CheckFunctionExists.c
Linking C executable cmTC_d794e
/usr/bin/cmake -E cmake_link_script CMakeFiles/cmTC_d794e.dir/link.txt --verbose=1
/usr/bin/cc   -DCHECK_FUNCTION_EXISTS=pthread_create    CMakeFiles/cmTC_d794e.dir/CheckFunctionExists.c.o  -o cmTC_d794e -rdynamic -lpthreads 
/usr/bin/ld: cannot find -lpthreads
collect2: error: ld returned 1 exit status
CMakeFiles/cmTC_d794e.dir/build.make:97: recipe for target 'cmTC_d794e' failed
make[1]: *** [cmTC_d794e] Error 1
make[1]: Leaving directory '/home/qlt/qiulingteng/app/app-example/example-app/build/CMakeFiles/CMakeTmp'
Makefile:126: recipe for target 'cmTC_d794e/fast' failed
make: *** [cmTC_d794e/fast] Error 2


